<?xml version="1.0" encoding="UTF-8"?>
<Site BuildName="Win32-MSBuild"
	BuildStamp="20210822-1907-Experimental"
	Name="LAPTOP-V3O3F830"
	Generator="ctest-3.21.0"
	CompilerName="C:/Program Files (x86)/Microsoft Visual Studio/2019/Community/VC/Tools/MSVC/14.29.30133/bin/Hostx86/x64/cl.exe"
	CompilerVersion="19.29.30133.0"
	OSName="Windows"
	Hostname="LAPTOP-V3O3F830"
	OSRelease=" Personal"
	OSVersion=" (Build 19042)"
	OSPlatform="AMD64"
	Is64Bits="1"
	VendorString="AuthenticAMD"
	VendorID="Advanced Micro Devices"
	FamilyID="15"
	ModelID="0"
	ProcessorCacheSize="64"
	NumberOfLogicalCPU="16"
	NumberOfPhysicalCPU="8"
	TotalVirtualMemory="29548"
	TotalPhysicalMemory="8044"
	LogicalProcessorsPerPhysical="2"
	ProcessorClockFrequency="3193"
	>
	<Testing>
		<StartDateTime>Aug 22 21:08 Paris, Madrid (heure d?[NON-UTF-8-BYTE-0xE9]t[NON-UTF-8-BYTE-0xE9])</StartDateTime>
		<StartTestTime>1629659281</StartTestTime>
		<TestList/>
		<EndDateTime>Aug 22 21:08 Paris, Madrid (heure d?[NON-UTF-8-BYTE-0xE9]t[NON-UTF-8-BYTE-0xE9])</EndDateTime>
		<EndTestTime>1629659281</EndTestTime>
		<ElapsedMinutes>0</ElapsedMinutes>
	</Testing>
</Site>
